f:\code\telnet.clientserver.app\vs\__build_obj_client\win32\debug\stdafx.obj
f:\code\telnet.clientserver.app\vs\__build_obj_client\win32\debug\mainfrm.obj
f:\code\telnet.clientserver.app\vs\__build_obj_client\win32\debug\hostdialog.obj
f:\code\telnet.clientserver.app\vs\__build_obj_client\win32\debug\ctelnetview.obj
f:\code\telnet.clientserver.app\vs\__build_obj_client\win32\debug\ctelnetdoc.obj
f:\code\telnet.clientserver.app\vs\__build_obj_client\win32\debug\ctelnet.obj
f:\code\telnet.clientserver.app\vs\__build_obj_client\win32\debug\clientsocket.obj
f:\code\telnet.clientserver.app\vs\..\bin\win32\debug\telnet_client.pdb
f:\code\telnet.clientserver.app\vs\__build_obj_client\win32\debug\telnet_client.tlog\cl.command.1.tlog
f:\code\telnet.clientserver.app\vs\__build_obj_client\win32\debug\telnet_client.tlog\cl.read.1.tlog
f:\code\telnet.clientserver.app\vs\__build_obj_client\win32\debug\telnet_client.tlog\cl.write.1.tlog
f:\code\telnet.clientserver.app\vs\__build_obj_client\win32\debug\telnet_client.tlog\link-cvtres.read.1.tlog
f:\code\telnet.clientserver.app\vs\__build_obj_client\win32\debug\telnet_client.tlog\link-cvtres.write.1.tlog
f:\code\telnet.clientserver.app\vs\__build_obj_client\win32\debug\telnet_client.tlog\link-mt.read.1.tlog
f:\code\telnet.clientserver.app\vs\__build_obj_client\win32\debug\telnet_client.tlog\link-mt.write.1.tlog
f:\code\telnet.clientserver.app\vs\__build_obj_client\win32\debug\telnet_client.tlog\link-rc.read.1.tlog
f:\code\telnet.clientserver.app\vs\__build_obj_client\win32\debug\telnet_client.tlog\link-rc.write.1.tlog
f:\code\telnet.clientserver.app\vs\__build_obj_client\win32\debug\telnet_client.tlog\link.command.1.tlog
f:\code\telnet.clientserver.app\vs\__build_obj_client\win32\debug\telnet_client.tlog\link.read.1.tlog
f:\code\telnet.clientserver.app\vs\__build_obj_client\win32\debug\telnet_client.tlog\link.write.1.tlog
